<?xml version="1.0" encoding="UTF-8"?>
<testsuite name="sml.instructions.AddInstructionTest" tests="2" skipped="0" failures="0" errors="0" timestamp="2024-05-09T09:16:40" hostname="dianafloat-exhibitcave" time="0.024">
  <properties/>
  <testcase name="executeValid()" classname="sml.instructions.AddInstructionTest" time="0.019"/>
  <testcase name="executeValidTwo()" classname="sml.instructions.AddInstructionTest" time="0.001"/>
  <system-out><![CDATA[]]></system-out>
  <system-err><![CDATA[]]></system-err>
</testsuite>
