<?xml version="1.0" encoding="UTF-8"?>
<testsuite name="sml.instructions.AddInstructionTest" tests="2" skipped="0" failures="0" errors="0" timestamp="2024-05-16T13:48:19" hostname="TOMS" time="0.049">
  <properties/>
  <testcase name="executeValid()" classname="sml.instructions.AddInstructionTest" time="0.045"/>
  <testcase name="executeValidTwo()" classname="sml.instructions.AddInstructionTest" time="0.002"/>
  <system-out><![CDATA[]]></system-out>
  <system-err><![CDATA[]]></system-err>
</testsuite>
